<?xml version="1.0" encoding="UTF-8"?>
<testsuite xmlns:xsi="http://www.w3.org/2001/XMLSchema-instance" xsi:noNamespaceSchemaLocation="https://maven.apache.org/surefire/maven-surefire-plugin/xsd/surefire-test-report.xsd" version="3.0.1" name="com.luv2code.junitdemo.DemoUtilsTest" time="2.069" tests="9" errors="0" skipped="0" failures="0">
  <properties>
[...]
</properties>
  <testcase name="TimeOut" classname="com.luv2code.junitdemo.DemoUtilsTest" time="2.021">
    <system-out><![CDATA[@BeforeAll method execution of Each class

@BeforeEach method execution of Each method
I am going to sleep
Sleeping over
@AfterEach method execution of Each method

]]></system-out>
  </testcase>
  <testcase name="Iterable Equals" classname="com.luv2code.junitdemo.DemoUtilsTest" time="0.003">
    <system-out><![CDATA[@BeforeEach method execution of Each method
Test ==> testIterableEquals()
@AfterEach method execution of Each method

]]></system-out>
  </testcase>
  <testcase name="Null and Not Null" classname="com.luv2code.junitdemo.DemoUtilsTest" time="0.002">
    <system-out><![CDATA[@BeforeEach method execution of Each method
Test ==> checkNullNotNull()
@AfterEach method execution of Each method

]]></system-out>
  </testcase>
  <testcase name="Array Equals" classname="com.luv2code.junitdemo.DemoUtilsTest" time="0.004">
    <system-out><![CDATA[@BeforeEach method execution of Each method
Test ==> testArrayEquals()
@AfterEach method execution of Each method

]]></system-out>
  </testcase>
  <testcase name="True and Not False" classname="com.luv2code.junitdemo.DemoUtilsTest" time="0.003">
    <system-out><![CDATA[@BeforeEach method execution of Each method
Test ==> testTrueAndFalse()
@AfterEach method execution of Each method

]]></system-out>
  </testcase>
  <testcase name="Equals and Not Equals" classname="com.luv2code.junitdemo.DemoUtilsTest" time="0.008">
    <system-out><![CDATA[@BeforeEach method execution of Each method
Test ==> checkEqualsAndNotEquals()
@AfterEach method execution of Each method

]]></system-out>
  </testcase>
  <testcase name="Same and Not Same" classname="com.luv2code.junitdemo.DemoUtilsTest" time="0.006">
    <system-out><![CDATA[@BeforeEach method execution of Each method
Test ==> testSameNotSame()
@AfterEach method execution of Each method

]]></system-out>
  </testcase>
  <testcase name="test Multiply" classname="com.luv2code.junitdemo.DemoUtilsTest" time="0.001">
    <system-out><![CDATA[@BeforeEach method execution of Each method
Test ==> testMultiply()
@AfterEach method execution of Each method

]]></system-out>
  </testcase>
  <testcase name="Throws Test" classname="com.luv2code.junitdemo.DemoUtilsTest" time="0.003">
    <system-out><![CDATA[@BeforeEach method execution of Each method
@AfterEach method execution of Each method

]]></system-out>
  </testcase>
</testsuite>