<?xml version="1.0" encoding="UTF-8"?>
<testsuite xmlns:xsi="http://www.w3.org/2001/XMLSchema-instance" xsi:noNamespaceSchemaLocation="https://maven.apache.org/surefire/maven-surefire-plugin/xsd/surefire-test-report.xsd" version="3.0.1" name="com.luv2code.junitdemo.ConditionalTest" time="0.087" tests="10" errors="0" skipped="5" failures="0">
  <properties>
[...]
</properties>
  <testcase name="testMac" classname="com.luv2code.junitdemo.ConditionalTest" time="0.0">
    <skipped message="Disabled on operating system: Windows 11"/>
  </testcase>
  <testcase name="testLinuxWindows" classname="com.luv2code.junitdemo.ConditionalTest" time="0.018"/>
  <testcase name="testJavaRangeMin" classname="com.luv2code.junitdemo.ConditionalTest" time="0.001"/>
  <testcase name="testJavaRange" classname="com.luv2code.junitdemo.ConditionalTest" time="0.001"/>
  <testcase name="systemTest" classname="com.luv2code.junitdemo.ConditionalTest" time="0.0">
    <skipped message="System property [system] does not exist"/>
  </testcase>
  <testcase name="testWindows" classname="com.luv2code.junitdemo.ConditionalTest" time="0.001"/>
  <testcase name="testDisabled" classname="com.luv2code.junitdemo.ConditionalTest" time="0.0">
    <skipped message="public void com.luv2code.junitdemo.ConditionalTest.testDisabled() is @Disabled"/>
  </testcase>
  <testcase name="testJava11" classname="com.luv2code.junitdemo.ConditionalTest" time="0.0">
    <skipped message="Disabled on JRE version: 17.0.10"/>
  </testcase>
  <testcase name="testJava17" classname="com.luv2code.junitdemo.ConditionalTest" time="0.001"/>
  <testcase name="devTest" classname="com.luv2code.junitdemo.ConditionalTest" time="0.0">
    <skipped message="Environment variable [dev] does not exist"/>
  </testcase>
</testsuite>